LucenaLodging/app/build/intermediates/manifest_merge_blame_file/debug/processDebugMainManifest/manifest-merger-blame-debug-report.txt
1<?xml version="1.0" encoding="utf-8"?>
2<manifest xmlns:android="http://schemas.android.com/apk/res/android"
3    package="com.example.lucenalodging"
4    android:versionCode="1"
5    android:versionName="1.0" >
6
7    <uses-sdk
8        android:minSdkVersion="24"
9        android:targetSdkVersion="34" />
10
11    <uses-permission android:name="android.permission.INTERNET" />
11-->[com.google.firebase:firebase-auth:23.0.0] AndroidManifest.xml:25:5-67
11-->[com.google.firebase:firebase-auth:23.0.0] AndroidManifest.xml:25:22-64
12    <uses-permission android:name="android.permission.ACCESS_NETWORK_STATE" />
12-->[com.google.firebase:firebase-auth:23.0.0] AndroidManifest.xml:26:5-79
12-->[com.google.firebase:firebase-auth:23.0.0] AndroidManifest.xml:26:22-76
13    <uses-permission android:name="com.google.android.providers.gsf.permission.READ_GSERVICES" />
13-->[com.google.android.recaptcha:recaptcha:18.4.0] AndroidManifest.xml:9:5-98
13-->[com.google.android.recaptcha:recaptcha:18.4.0] AndroidManifest.xml:9:22-95
14
15    <permission
15-->[androidx.core:core:1.13.1] AndroidManifest.xml:22:5-24:47
16        android:name="com.example.lucenalodging.DYNAMIC_RECEIVER_NOT_EXPORTED_PERMISSION"
16-->[androidx.core:core:1.13.1] AndroidManifest.xml:23:9-81
17        android:protectionLevel="signature" />
17-->[androidx.core:core:1.13.1] AndroidManifest.xml:24:9-44
18
19    <uses-permission android:name="com.example.lucenalodging.DYNAMIC_RECEIVER_NOT_EXPORTED_PERMISSION" />
19-->[androidx.core:core:1.13.1] AndroidManifest.xml:26:5-97
19-->[androidx.core:core:1.13.1] AndroidManifest.xml:26:22-94
20
21    <application
21-->src\main\AndroidManifest.xml:5:5-26:19
22        android:allowBackup="true"
22-->src\main\AndroidManifest.xml:6:9-35
23        android:appComponentFactory="androidx.core.app.CoreComponentFactory"
23-->[androidx.core:core:1.13.1] AndroidManifest.xml:28:18-86
24        android:dataExtractionRules="@xml/data_extraction_rules"
24-->src\main\AndroidManifest.xml:7:9-65
25        android:debuggable="true"
26        android:extractNativeLibs="false"
27        android:fullBackupContent="@xml/backup_rules"
27-->src\main\AndroidManifest.xml:8:9-54
28        android:icon="@mipmap/ic_launcher"
28-->src\main\AndroidManifest.xml:9:9-43
29        android:label="@string/app_name"
29-->src\main\AndroidManifest.xml:10:9-41
30        android:roundIcon="@mipmap/ic_launcher_round"
30-->src\main\AndroidManifest.xml:11:9-54
31        android:supportsRtl="true"
31-->src\main\AndroidManifest.xml:12:9-35
32        android:testOnly="true"
33        android:theme="@style/Theme.LucenaLodging" >
33-->src\main\AndroidManifest.xml:13:9-51
34        <activity
34-->src\main\AndroidManifest.xml:15:9-25:20
35            android:name="com.example.lucenalodging.MainActivity"
35-->src\main\AndroidManifest.xml:16:13-41
36            android:exported="true"
36-->src\main\AndroidManifest.xml:17:13-36
37            android:label="@string/app_name"
37-->src\main\AndroidManifest.xml:18:13-45
38            android:theme="@style/Theme.LucenaLodging" >
38-->src\main\AndroidManifest.xml:19:13-55
39            <intent-filter>
39-->src\main\AndroidManifest.xml:20:13-24:29
40                <action android:name="android.intent.action.MAIN" />
40-->src\main\AndroidManifest.xml:21:17-69
40-->src\main\AndroidManifest.xml:21:25-66
41
42                <category android:name="android.intent.category.LAUNCHER" />
42-->src\main\AndroidManifest.xml:23:17-77
42-->src\main\AndroidManifest.xml:23:27-74
43            </intent-filter>
44        </activity>
45        <activity
45-->[com.google.firebase:firebase-auth:23.0.0] AndroidManifest.xml:29:9-46:20
46            android:name="com.google.firebase.auth.internal.GenericIdpActivity"
46-->[com.google.firebase:firebase-auth:23.0.0] AndroidManifest.xml:30:13-80
47            android:excludeFromRecents="true"
47-->[com.google.firebase:firebase-auth:23.0.0] AndroidManifest.xml:31:13-46
48            android:exported="true"
48-->[com.google.firebase:firebase-auth:23.0.0] AndroidManifest.xml:32:13-36
49            android:launchMode="singleTask"
49-->[com.google.firebase:firebase-auth:23.0.0] AndroidManifest.xml:33:13-44
50            android:theme="@android:style/Theme.Translucent.NoTitleBar" >
50-->[com.google.firebase:firebase-auth:23.0.0] AndroidManifest.xml:34:13-72
51            <intent-filter>
51-->[com.google.firebase:firebase-auth:23.0.0] AndroidManifest.xml:35:13-45:29
52                <action android:name="android.intent.action.VIEW" />
52-->[com.google.firebase:firebase-auth:23.0.0] AndroidManifest.xml:36:17-69
52-->[com.google.firebase:firebase-auth:23.0.0] AndroidManifest.xml:36:25-66
53
54                <category android:name="android.intent.category.DEFAULT" />
54-->[com.google.firebase:firebase-auth:23.0.0] AndroidManifest.xml:38:17-76
54-->[com.google.firebase:firebase-auth:23.0.0] AndroidManifest.xml:38:27-73
55                <category android:name="android.intent.category.BROWSABLE" />
55-->[com.google.firebase:firebase-auth:23.0.0] AndroidManifest.xml:39:17-78
55-->[com.google.firebase:firebase-auth:23.0.0] AndroidManifest.xml:39:27-75
56
57                <data
57-->[com.google.firebase:firebase-auth:23.0.0] AndroidManifest.xml:41:17-44:51
58                    android:host="firebase.auth"
58-->[com.google.firebase:firebase-auth:23.0.0] AndroidManifest.xml:42:21-49
59                    android:path="/"
59-->[com.google.firebase:firebase-auth:23.0.0] AndroidManifest.xml:43:21-37
60                    android:scheme="genericidp" />
60-->[com.google.firebase:firebase-auth:23.0.0] AndroidManifest.xml:44:21-48
61            </intent-filter>
62        </activity>
63        <activity
63-->[com.google.firebase:firebase-auth:23.0.0] AndroidManifest.xml:47:9-64:20
64            android:name="com.google.firebase.auth.internal.RecaptchaActivity"
64-->[com.google.firebase:firebase-auth:23.0.0] AndroidManifest.xml:48:13-79
65            android:excludeFromRecents="true"
65-->[com.google.firebase:firebase-auth:23.0.0] AndroidManifest.xml:49:13-46
66            android:exported="true"
66-->[com.google.firebase:firebase-auth:23.0.0] AndroidManifest.xml:50:13-36
67            android:launchMode="singleTask"
67-->[com.google.firebase:firebase-auth:23.0.0] AndroidManifest.xml:51:13-44
68            android:theme="@android:style/Theme.Translucent.NoTitleBar" >
68-->[com.google.firebase:firebase-auth:23.0.0] AndroidManifest.xml:52:13-72
69            <intent-filter>
69-->[com.google.firebase:firebase-auth:23.0.0] AndroidManifest.xml:53:13-63:29
70                <action android:name="android.intent.action.VIEW" />
70-->[com.google.firebase:firebase-auth:23.0.0] AndroidManifest.xml:36:17-69
70-->[com.google.firebase:firebase-auth:23.0.0] AndroidManifest.xml:36:25-66
71
72                <category android:name="android.intent.category.DEFAULT" />
72-->[com.google.firebase:firebase-auth:23.0.0] AndroidManifest.xml:38:17-76
72-->[com.google.firebase:firebase-auth:23.0.0] AndroidManifest.xml:38:27-73
73                <category android:name="android.intent.category.BROWSABLE" />
73-->[com.google.firebase:firebase-auth:23.0.0] AndroidManifest.xml:39:17-78
73-->[com.google.firebase:firebase-auth:23.0.0] AndroidManifest.xml:39:27-75
74
75                <data
75-->[com.google.firebase:firebase-auth:23.0.0] AndroidManifest.xml:41:17-44:51
76                    android:host="firebase.auth"
76-->[com.google.firebase:firebase-auth:23.0.0] AndroidManifest.xml:42:21-49
77                    android:path="/"
77-->[com.google.firebase:firebase-auth:23.0.0] AndroidManifest.xml:43:21-37
78                    android:scheme="recaptcha" />
78-->[com.google.firebase:firebase-auth:23.0.0] AndroidManifest.xml:44:21-48
79            </intent-filter>
80        </activity>
81
82        <service
82-->[com.google.firebase:firebase-auth:23.0.0] AndroidManifest.xml:66:9-72:19
83            android:name="com.google.firebase.components.ComponentDiscoveryService"
83-->[com.google.firebase:firebase-auth:23.0.0] AndroidManifest.xml:67:13-84
84            android:directBootAware="true"
84-->[com.google.firebase:firebase-common:21.0.0] AndroidManifest.xml:32:13-43
85            android:exported="false" >
85-->[com.google.firebase:firebase-auth:23.0.0] AndroidManifest.xml:68:13-37
86            <meta-data
86-->[com.google.firebase:firebase-auth:23.0.0] AndroidManifest.xml:69:13-71:85
87                android:name="com.google.firebase.components:com.google.firebase.auth.FirebaseAuthRegistrar"
87-->[com.google.firebase:firebase-auth:23.0.0] AndroidManifest.xml:70:17-109
88                android:value="com.google.firebase.components.ComponentRegistrar" />
88-->[com.google.firebase:firebase-auth:23.0.0] AndroidManifest.xml:71:17-82
89            <meta-data
89-->[com.google.firebase:firebase-firestore:25.0.0] AndroidManifest.xml:17:13-19:85
90                android:name="com.google.firebase.components:com.google.firebase.firestore.FirebaseFirestoreKtxRegistrar"
90-->[com.google.firebase:firebase-firestore:25.0.0] AndroidManifest.xml:18:17-122
91                android:value="com.google.firebase.components.ComponentRegistrar" />
91-->[com.google.firebase:firebase-firestore:25.0.0] AndroidManifest.xml:19:17-82
92            <meta-data
92-->[com.google.firebase:firebase-firestore:25.0.0] AndroidManifest.xml:20:13-22:85
93                android:name="com.google.firebase.components:com.google.firebase.firestore.FirestoreRegistrar"
93-->[com.google.firebase:firebase-firestore:25.0.0] AndroidManifest.xml:21:17-111
94                android:value="com.google.firebase.components.ComponentRegistrar" />
94-->[com.google.firebase:firebase-firestore:25.0.0] AndroidManifest.xml:22:17-82
95            <meta-data
95-->[com.google.firebase:firebase-storage:21.0.0] AndroidManifest.xml:30:13-32:85
96                android:name="com.google.firebase.components:com.google.firebase.storage.FirebaseStorageKtxRegistrar"
96-->[com.google.firebase:firebase-storage:21.0.0] AndroidManifest.xml:31:17-118
97                android:value="com.google.firebase.components.ComponentRegistrar" />
97-->[com.google.firebase:firebase-storage:21.0.0] AndroidManifest.xml:32:17-82
98            <meta-data
98-->[com.google.firebase:firebase-storage:21.0.0] AndroidManifest.xml:33:13-35:85
99                android:name="com.google.firebase.components:com.google.firebase.storage.StorageRegistrar"
99-->[com.google.firebase:firebase-storage:21.0.0] AndroidManifest.xml:34:17-107
100                android:value="com.google.firebase.components.ComponentRegistrar" />
100-->[com.google.firebase:firebase-storage:21.0.0] AndroidManifest.xml:35:17-82
101            <meta-data
101-->[com.google.firebase:firebase-appcheck:18.0.0] AndroidManifest.xml:25:13-27:85
102                android:name="com.google.firebase.components:com.google.firebase.appcheck.FirebaseAppCheckKtxRegistrar"
102-->[com.google.firebase:firebase-appcheck:18.0.0] AndroidManifest.xml:26:17-120
103                android:value="com.google.firebase.components.ComponentRegistrar" />
103-->[com.google.firebase:firebase-appcheck:18.0.0] AndroidManifest.xml:27:17-82
104            <meta-data
104-->[com.google.firebase:firebase-appcheck:18.0.0] AndroidManifest.xml:28:13-30:85
105                android:name="com.google.firebase.components:com.google.firebase.appcheck.FirebaseAppCheckRegistrar"
105-->[com.google.firebase:firebase-appcheck:18.0.0] AndroidManifest.xml:29:17-117
106                android:value="com.google.firebase.components.ComponentRegistrar" />
106-->[com.google.firebase:firebase-appcheck:18.0.0] AndroidManifest.xml:30:17-82
107            <meta-data
107-->[com.google.firebase:firebase-common-ktx:21.0.0] AndroidManifest.xml:12:13-14:85
108                android:name="com.google.firebase.components:com.google.firebase.ktx.FirebaseCommonLegacyRegistrar"
108-->[com.google.firebase:firebase-common-ktx:21.0.0] AndroidManifest.xml:13:17-116
109                android:value="com.google.firebase.components.ComponentRegistrar" />
109-->[com.google.firebase:firebase-common-ktx:21.0.0] AndroidManifest.xml:14:17-82
110            <meta-data
110-->[com.google.firebase:firebase-common:21.0.0] AndroidManifest.xml:35:13-37:85
111                android:name="com.google.firebase.components:com.google.firebase.FirebaseCommonKtxRegistrar"
111-->[com.google.firebase:firebase-common:21.0.0] AndroidManifest.xml:36:17-109
112                android:value="com.google.firebase.components.ComponentRegistrar" />
112-->[com.google.firebase:firebase-common:21.0.0] AndroidManifest.xml:37:17-82
113        </service>
114        <service
114-->[androidx.credentials:credentials-play-services-auth:1.2.0-rc01] AndroidManifest.xml:24:9-32:19
115            android:name="androidx.credentials.playservices.CredentialProviderMetadataHolder"
115-->[androidx.credentials:credentials-play-services-auth:1.2.0-rc01] AndroidManifest.xml:25:13-94
116            android:enabled="true"
116-->[androidx.credentials:credentials-play-services-auth:1.2.0-rc01] AndroidManifest.xml:26:13-35
117            android:exported="false" >
117-->[androidx.credentials:credentials-play-services-auth:1.2.0-rc01] AndroidManifest.xml:27:13-37
118            <meta-data
118-->[androidx.credentials:credentials-play-services-auth:1.2.0-rc01] AndroidManifest.xml:29:13-31:104
119                android:name="androidx.credentials.CREDENTIAL_PROVIDER_KEY"
119-->[androidx.credentials:credentials-play-services-auth:1.2.0-rc01] AndroidManifest.xml:30:17-76
120                android:value="androidx.credentials.playservices.CredentialProviderPlayServicesImpl" />
120-->[androidx.credentials:credentials-play-services-auth:1.2.0-rc01] AndroidManifest.xml:31:17-101
121        </service>
122
123        <activity
123-->[androidx.credentials:credentials-play-services-auth:1.2.0-rc01] AndroidManifest.xml:34:9-41:20
124            android:name="androidx.credentials.playservices.HiddenActivity"
124-->[androidx.credentials:credentials-play-services-auth:1.2.0-rc01] AndroidManifest.xml:35:13-76
125            android:configChanges="orientation|screenSize|screenLayout|keyboardHidden"
125-->[androidx.credentials:credentials-play-services-auth:1.2.0-rc01] AndroidManifest.xml:36:13-87
126            android:enabled="true"
126-->[androidx.credentials:credentials-play-services-auth:1.2.0-rc01] AndroidManifest.xml:37:13-35
127            android:exported="false"
127-->[androidx.credentials:credentials-play-services-auth:1.2.0-rc01] AndroidManifest.xml:38:13-37
128            android:fitsSystemWindows="true"
128-->[androidx.credentials:credentials-play-services-auth:1.2.0-rc01] AndroidManifest.xml:39:13-45
129            android:theme="@style/Theme.Hidden" >
129-->[androidx.credentials:credentials-play-services-auth:1.2.0-rc01] AndroidManifest.xml:40:13-48
130        </activity>
131        <activity
131-->[com.google.android.gms:play-services-auth:20.7.0] AndroidManifest.xml:23:9-27:75
132            android:name="com.google.android.gms.auth.api.signin.internal.SignInHubActivity"
132-->[com.google.android.gms:play-services-auth:20.7.0] AndroidManifest.xml:24:13-93
133            android:excludeFromRecents="true"
133-->[com.google.android.gms:play-services-auth:20.7.0] AndroidManifest.xml:25:13-46
134            android:exported="false"
134-->[com.google.android.gms:play-services-auth:20.7.0] AndroidManifest.xml:26:13-37
135            android:theme="@android:style/Theme.Translucent.NoTitleBar" />
135-->[com.google.android.gms:play-services-auth:20.7.0] AndroidManifest.xml:27:13-72
136        <!--
137            Service handling Google Sign-In user revocation. For apps that do not integrate with
138            Google Sign-In, this service will never be started.
139        -->
140        <service
140-->[com.google.android.gms:play-services-auth:20.7.0] AndroidManifest.xml:33:9-37:51
141            android:name="com.google.android.gms.auth.api.signin.RevocationBoundService"
141-->[com.google.android.gms:play-services-auth:20.7.0] AndroidManifest.xml:34:13-89
142            android:exported="true"
142-->[com.google.android.gms:play-services-auth:20.7.0] AndroidManifest.xml:35:13-36
143            android:permission="com.google.android.gms.auth.api.signin.permission.REVOCATION_NOTIFICATION"
143-->[com.google.android.gms:play-services-auth:20.7.0] AndroidManifest.xml:36:13-107
144            android:visibleToInstantApps="true" />
144-->[com.google.android.gms:play-services-auth:20.7.0] AndroidManifest.xml:37:13-48
145
146        <provider
146-->[com.google.firebase:firebase-common:21.0.0] AndroidManifest.xml:23:9-28:39
147            android:name="com.google.firebase.provider.FirebaseInitProvider"
147-->[com.google.firebase:firebase-common:21.0.0] AndroidManifest.xml:24:13-77
148            android:authorities="com.example.lucenalodging.firebaseinitprovider"
148-->[com.google.firebase:firebase-common:21.0.0] AndroidManifest.xml:25:13-72
149            android:directBootAware="true"
149-->[com.google.firebase:firebase-common:21.0.0] AndroidManifest.xml:26:13-43
150            android:exported="false"
150-->[com.google.firebase:firebase-common:21.0.0] AndroidManifest.xml:27:13-37
151            android:initOrder="100" />
151-->[com.google.firebase:firebase-common:21.0.0] AndroidManifest.xml:28:13-36
152
153        <activity
153-->[androidx.compose.ui:ui-test-manifest:1.6.0] AndroidManifest.xml:23:9-25:39
154            android:name="androidx.activity.ComponentActivity"
154-->[androidx.compose.ui:ui-test-manifest:1.6.0] AndroidManifest.xml:24:13-63
155            android:exported="true" />
155-->[androidx.compose.ui:ui-test-manifest:1.6.0] AndroidManifest.xml:25:13-36
156        <activity
156-->[androidx.compose.ui:ui-tooling-android:1.6.0] AndroidManifest.xml:23:9-25:39
157            android:name="androidx.compose.ui.tooling.PreviewActivity"
157-->[androidx.compose.ui:ui-tooling-android:1.6.0] AndroidManifest.xml:24:13-71
158            android:exported="true" />
158-->[androidx.compose.ui:ui-tooling-android:1.6.0] AndroidManifest.xml:25:13-36
159
160        <provider
160-->[androidx.emoji2:emoji2:1.3.0] AndroidManifest.xml:24:9-32:20
161            android:name="androidx.startup.InitializationProvider"
161-->[androidx.emoji2:emoji2:1.3.0] AndroidManifest.xml:25:13-67
162            android:authorities="com.example.lucenalodging.androidx-startup"
162-->[androidx.emoji2:emoji2:1.3.0] AndroidManifest.xml:26:13-68
163            android:exported="false" >
163-->[androidx.emoji2:emoji2:1.3.0] AndroidManifest.xml:27:13-37
164            <meta-data
164-->[androidx.emoji2:emoji2:1.3.0] AndroidManifest.xml:29:13-31:52
165                android:name="androidx.emoji2.text.EmojiCompatInitializer"
165-->[androidx.emoji2:emoji2:1.3.0] AndroidManifest.xml:30:17-75
166                android:value="androidx.startup" />
166-->[androidx.emoji2:emoji2:1.3.0] AndroidManifest.xml:31:17-49
167            <meta-data
167-->[androidx.lifecycle:lifecycle-process:2.8.2] AndroidManifest.xml:29:13-31:52
168                android:name="androidx.lifecycle.ProcessLifecycleInitializer"
168-->[androidx.lifecycle:lifecycle-process:2.8.2] AndroidManifest.xml:30:17-78
169                android:value="androidx.startup" />
169-->[androidx.lifecycle:lifecycle-process:2.8.2] AndroidManifest.xml:31:17-49
170            <meta-data
170-->[androidx.profileinstaller:profileinstaller:1.3.1] AndroidManifest.xml:29:13-31:52
171                android:name="androidx.profileinstaller.ProfileInstallerInitializer"
171-->[androidx.profileinstaller:profileinstaller:1.3.1] AndroidManifest.xml:30:17-85
172                android:value="androidx.startup" />
172-->[androidx.profileinstaller:profileinstaller:1.3.1] AndroidManifest.xml:31:17-49
173        </provider>
174
175        <activity
175-->[com.google.android.gms:play-services-base:18.1.0] AndroidManifest.xml:20:9-22:45
176            android:name="com.google.android.gms.common.api.GoogleApiActivity"
176-->[com.google.android.gms:play-services-base:18.1.0] AndroidManifest.xml:20:19-85
177            android:exported="false"
177-->[com.google.android.gms:play-services-base:18.1.0] AndroidManifest.xml:22:19-43
178            android:theme="@android:style/Theme.Translucent.NoTitleBar" />
178-->[com.google.android.gms:play-services-base:18.1.0] AndroidManifest.xml:21:19-78
179
180        <meta-data
180-->[com.google.android.gms:play-services-basement:18.3.0] AndroidManifest.xml:21:9-23:69
181            android:name="com.google.android.gms.version"
181-->[com.google.android.gms:play-services-basement:18.3.0] AndroidManifest.xml:22:13-58
182            android:value="@integer/google_play_services_version" />
182-->[com.google.android.gms:play-services-basement:18.3.0] AndroidManifest.xml:23:13-66
183
184        <receiver
184-->[androidx.profileinstaller:profileinstaller:1.3.1] AndroidManifest.xml:34:9-52:20
185            android:name="androidx.profileinstaller.ProfileInstallReceiver"
185-->[androidx.profileinstaller:profileinstaller:1.3.1] AndroidManifest.xml:35:13-76
186            android:directBootAware="false"
186-->[androidx.profileinstaller:profileinstaller:1.3.1] AndroidManifest.xml:36:13-44
187            android:enabled="true"
187-->[androidx.profileinstaller:profileinstaller:1.3.1] AndroidManifest.xml:37:13-35
188            android:exported="true"
188-->[androidx.profileinstaller:profileinstaller:1.3.1] AndroidManifest.xml:38:13-36
189            android:permission="android.permission.DUMP" >
189-->[androidx.profileinstaller:profileinstaller:1.3.1] AndroidManifest.xml:39:13-57
190            <intent-filter>
190-->[androidx.profileinstaller:profileinstaller:1.3.1] AndroidManifest.xml:40:13-42:29
191                <action android:name="androidx.profileinstaller.action.INSTALL_PROFILE" />
191-->[androidx.profileinstaller:profileinstaller:1.3.1] AndroidManifest.xml:41:17-91
191-->[androidx.profileinstaller:profileinstaller:1.3.1] AndroidManifest.xml:41:25-88
192            </intent-filter>
193            <intent-filter>
193-->[androidx.profileinstaller:profileinstaller:1.3.1] AndroidManifest.xml:43:13-45:29
194                <action android:name="androidx.profileinstaller.action.SKIP_FILE" />
194-->[androidx.profileinstaller:profileinstaller:1.3.1] AndroidManifest.xml:44:17-85
194-->[androidx.profileinstaller:profileinstaller:1.3.1] AndroidManifest.xml:44:25-82
195            </intent-filter>
196            <intent-filter>
196-->[androidx.profileinstaller:profileinstaller:1.3.1] AndroidManifest.xml:46:13-48:29
197                <action android:name="androidx.profileinstaller.action.SAVE_PROFILE" />
197-->[androidx.profileinstaller:profileinstaller:1.3.1] AndroidManifest.xml:47:17-88
197-->[androidx.profileinstaller:profileinstaller:1.3.1] AndroidManifest.xml:47:25-85
198            </intent-filter>
199            <intent-filter>
199-->[androidx.profileinstaller:profileinstaller:1.3.1] AndroidManifest.xml:49:13-51:29
200                <action android:name="androidx.profileinstaller.action.BENCHMARK_OPERATION" />
200-->[androidx.profileinstaller:profileinstaller:1.3.1] AndroidManifest.xml:50:17-95
200-->[androidx.profileinstaller:profileinstaller:1.3.1] AndroidManifest.xml:50:25-92
201            </intent-filter>
202        </receiver>
203    </application>
204
205</manifest>